{"C:\\Users\\Hp\\.gemini\\antigravity\\scratch\\election-assistant\\utils.js": {"path":"C:\\Users\\Hp\\.gemini\\antigravity\\scratch\\election-assistant\\utils.js","statementMap":{"0":{"start":{"line":12,"column":4},"end":{"line":12,"column":43}},"1":{"start":{"line":12,"column":33},"end":{"line":12,"column":43}},"2":{"start":{"line":13,"column":4},"end":{"line":18,"column":33}},"3":{"start":{"line":28,"column":4},"end":{"line":28,"column":49}},"4":{"start":{"line":28,"column":39},"end":{"line":28,"column":49}},"5":{"start":{"line":29,"column":4},"end":{"line":29,"column":28}},"6":{"start":{"line":29,"column":16},"end":{"line":29,"column":28}},"7":{"start":{"line":31,"column":23},"end":{"line":31,"column":49}},"8":{"start":{"line":32,"column":4},"end":{"line":35,"column":6}},"9":{"start":{"line":33,"column":8},"end":{"line":34,"column":79}},"10":{"start":{"line":44,"column":4},"end":{"line":44,"column":56}},"11":{"start":{"line":44,"column":43},"end":{"line":44,"column":56}},"12":{"start":{"line":45,"column":20},"end":{"line":45,"column":31}},"13":{"start":{"line":46,"column":4},"end":{"line":46,"column":55}}},"fnMap":{"0":{"name":"sanitizeHTML","decl":{"start":{"line":11,"column":16},"end":{"line":11,"column":28}},"loc":{"start":{"line":11,"column":34},"end":{"line":19,"column":1}},"line":11},"1":{"name":"filterGlossary","decl":{"start":{"line":27,"column":16},"end":{"line":27,"column":30}},"loc":{"start":{"line":27,"column":44},"end":{"line":36,"column":1}},"line":27},"2":{"name":"(anonymous_2)","decl":{"start":{"line":32,"column":23},"end":{"line":32,"column":24}},"loc":{"start":{"line":33,"column":8},"end":{"line":34,"column":79}},"line":33},"3":{"name":"isValidChatMessage","decl":{"start":{"line":43,"column":16},"end":{"line":43,"column":34}},"loc":{"start":{"line":43,"column":41},"end":{"line":47,"column":1}},"line":43}},"branchMap":{"0":{"loc":{"start":{"line":12,"column":4},"end":{"line":12,"column":43}},"type":"if","locations":[{"start":{"line":12,"column":4},"end":{"line":12,"column":43}},{"start":{},"end":{}}],"line":12},"1":{"loc":{"start":{"line":28,"column":4},"end":{"line":28,"column":49}},"type":"if","locations":[{"start":{"line":28,"column":4},"end":{"line":28,"column":49}},{"start":{},"end":{}}],"line":28},"2":{"loc":{"start":{"line":28,"column":8},"end":{"line":28,"column":37}},"type":"binary-expr","locations":[{"start":{"line":28,"column":8},"end":{"line":28,"column":13}},{"start":{"line":28,"column":17},"end":{"line":28,"column":37}}],"line":28},"3":{"loc":{"start":{"line":29,"column":4},"end":{"line":29,"column":28}},"type":"if","locations":[{"start":{"line":29,"column":4},"end":{"line":29,"column":28}},{"start":{},"end":{}}],"line":29},"4":{"loc":{"start":{"line":33,"column":8},"end":{"line":34,"column":79}},"type":"binary-expr","locations":[{"start":{"line":33,"column":9},"end":{"line":33,"column":18}},{"start":{"line":33,"column":22},"end":{"line":33,"column":66}},{"start":{"line":34,"column":9},"end":{"line":34,"column":24}},{"start":{"line":34,"column":28},"end":{"line":34,"column":78}}],"line":33},"5":{"loc":{"start":{"line":44,"column":4},"end":{"line":44,"column":56}},"type":"if","locations":[{"start":{"line":44,"column":4},"end":{"line":44,"column":56}},{"start":{},"end":{}}],"line":44},"6":{"loc":{"start":{"line":44,"column":8},"end":{"line":44,"column":41}},"type":"binary-expr","locations":[{"start":{"line":44,"column":8},"end":{"line":44,"column":13}},{"start":{"line":44,"column":17},"end":{"line":44,"column":41}}],"line":44},"7":{"loc":{"start":{"line":46,"column":11},"end":{"line":46,"column":54}},"type":"binary-expr","locations":[{"start":{"line":46,"column":11},"end":{"line":46,"column":29}},{"start":{"line":46,"column":33},"end":{"line":46,"column":54}}],"line":46}},"s":{"0":6,"1":3,"2":3,"3":6,"4":1,"5":5,"6":1,"7":4,"8":4,"9":9,"10":8,"11":4,"12":4,"13":4},"f":{"0":6,"1":6,"2":9,"3":8},"b":{"0":[3,3],"1":[1,5],"2":[6,5],"3":[1,4],"4":[9,9,7,7],"5":[4,4],"6":[8,5],"7":[4,2]},"_coverageSchema":"1a1c01bbd47fc00a2c39e90264f33305004495a9","hash":"2535ce7a8af726cca449b712c1df44851763725b"}
}
