TN:
SF:utils.js
FN:11,sanitizeHTML
FN:27,filterGlossary
FN:32,(anonymous_2)
FN:43,isValidChatMessage
FNF:4
FNH:4
FNDA:34,sanitizeHTML
FNDA:8,filterGlossary
FNDA:15,(anonymous_2)
FNDA:12,isValidChatMessage
DA:12,34
DA:13,31
DA:28,8
DA:29,7
DA:31,6
DA:32,6
DA:33,15
DA:44,12
DA:45,7
DA:46,7
LF:10
LH:10
BRDA:12,0,0,3
BRDA:12,0,1,31
BRDA:28,1,0,1
BRDA:28,1,1,7
BRDA:28,2,0,8
BRDA:28,2,1,7
BRDA:29,3,0,1
BRDA:29,3,1,6
BRDA:33,4,0,15
BRDA:33,4,1,15
BRDA:33,4,2,12
BRDA:33,4,3,12
BRDA:44,5,0,5
BRDA:44,5,1,7
BRDA:44,6,0,12
BRDA:44,6,1,8
BRDA:46,7,0,7
BRDA:46,7,1,4
BRF:18
BRH:18
end_of_record
