TN:
SF:utils.js
FN:11,sanitizeHTML
FN:27,filterGlossary
FN:32,(anonymous_2)
FN:43,isValidChatMessage
FNF:4
FNH:4
FNDA:6,sanitizeHTML
FNDA:6,filterGlossary
FNDA:9,(anonymous_2)
FNDA:8,isValidChatMessage
DA:12,6
DA:13,3
DA:28,6
DA:29,5
DA:31,4
DA:32,4
DA:33,9
DA:44,8
DA:45,4
DA:46,4
LF:10
LH:10
BRDA:12,0,0,3
BRDA:12,0,1,3
BRDA:28,1,0,1
BRDA:28,1,1,5
BRDA:28,2,0,6
BRDA:28,2,1,5
BRDA:29,3,0,1
BRDA:29,3,1,4
BRDA:33,4,0,9
BRDA:33,4,1,9
BRDA:33,4,2,7
BRDA:33,4,3,7
BRDA:44,5,0,4
BRDA:44,5,1,4
BRDA:44,6,0,8
BRDA:44,6,1,5
BRDA:46,7,0,4
BRDA:46,7,1,2
BRF:18
BRH:18
end_of_record
